13:56:10.050 [main] INFO  testcase.BaseClass - ***** TestCase Started *****
13:56:11.369 [main] INFO  testcase.BaseClass - Entered Username
13:56:11.564 [main] INFO  testcase.BaseClass - Entered Password
13:56:12.380 [main] INFO  testcase.BaseClass - Login Button Clicked
13:56:12.512 [main] INFO  testcase.BaseClass - Manager ID : Manger Id : mngr554793
13:56:12.957 [main] INFO  testcase.BaseClass - Test Case Pass
13:56:12.957 [main] INFO  testcase.BaseClass - ***** Test Case Ended *****
13:56:12.973 [main] INFO  testcase.BaseClass - ***** TestCase Started *****
13:56:13.078 [main] INFO  testcase.BaseClass - ***** Test Case Ended *****
13:56:13.088 [main] INFO  testcase.BaseClass - ***** TestCase Started *****
13:56:13.623 [main] INFO  testcase.BaseClass - Entered Username
13:56:13.884 [main] INFO  testcase.BaseClass - Entered Password
13:56:14.100 [main] INFO  testcase.BaseClass - Login Button Clicked
13:56:14.120 [main] INFO  testcase.BaseClass - ***** Test Case Ended *****
13:56:14.125 [main] INFO  testcase.BaseClass - ***** TestCase Started *****
13:56:14.866 [main] INFO  testcase.BaseClass - Entered Username
13:56:15.094 [main] INFO  testcase.BaseClass - Entered Password
13:56:15.523 [main] INFO  testcase.BaseClass - Login Button Clicked
13:56:15.547 [main] INFO  testcase.BaseClass - ***** Test Case Ended *****
13:59:34.022 [main] INFO  testcase.BaseClass - ***** TestCase Started *****
13:59:35.556 [main] INFO  testcase.BaseClass - Entered Username
13:59:35.663 [main] INFO  testcase.BaseClass - Entered Password
13:59:36.268 [main] INFO  testcase.BaseClass - Login Button Clicked
13:59:36.398 [main] INFO  testcase.BaseClass - Manager ID : Manger Id : mngr554793
13:59:36.799 [main] INFO  testcase.BaseClass - Test Case Pass
13:59:36.799 [main] INFO  testcase.BaseClass - ***** Test Case Ended *****
13:59:36.820 [main] INFO  testcase.BaseClass - ***** TestCase Started *****
13:59:36.915 [main] INFO  testcase.BaseClass - ***** Test Case Ended *****
13:59:36.934 [main] INFO  testcase.BaseClass - ***** TestCase Started *****
13:59:37.476 [main] INFO  testcase.BaseClass - Entered Username
13:59:37.725 [main] INFO  testcase.BaseClass - Entered Password
13:59:37.904 [main] INFO  testcase.BaseClass - Login Button Clicked
13:59:37.944 [main] INFO  testcase.BaseClass - ***** Test Case Ended *****
13:59:37.947 [main] INFO  testcase.BaseClass - ***** TestCase Started *****
13:59:38.631 [main] INFO  testcase.BaseClass - Entered Username
13:59:38.778 [main] INFO  testcase.BaseClass - Entered Password
13:59:39.039 [main] INFO  testcase.BaseClass - Login Button Clicked
13:59:39.055 [main] INFO  testcase.BaseClass - ***** Test Case Ended *****
14:02:58.815 [main] INFO  testcase.BaseClass - ***** TestCase Started *****
14:03:00.793 [main] INFO  testcase.BaseClass - Entered Username
14:03:00.887 [main] INFO  testcase.BaseClass - Entered Password
14:03:01.609 [main] INFO  testcase.BaseClass - Login Button Clicked
14:03:01.918 [main] INFO  testcase.BaseClass - Manager ID : Manger Id : mngr554793
14:03:02.267 [main] INFO  testcase.BaseClass - Test Case Pass
14:03:02.267 [main] INFO  testcase.BaseClass - ***** Test Case Ended *****
14:03:02.280 [main] INFO  testcase.BaseClass - ***** TestCase Started *****
14:03:02.382 [main] INFO  testcase.BaseClass - ***** Test Case Ended *****
14:03:02.392 [main] INFO  testcase.BaseClass - ***** TestCase Started *****
14:03:02.985 [main] INFO  testcase.BaseClass - Entered Username
14:03:03.196 [main] INFO  testcase.BaseClass - Entered Password
14:03:03.404 [main] INFO  testcase.BaseClass - Login Button Clicked
14:03:03.429 [main] INFO  testcase.BaseClass - ***** Test Case Ended *****
14:03:03.435 [main] INFO  testcase.BaseClass - ***** TestCase Started *****
14:03:04.211 [main] INFO  testcase.BaseClass - Entered Username
14:03:04.568 [main] INFO  testcase.BaseClass - Entered Password
14:03:04.861 [main] INFO  testcase.BaseClass - Login Button Clicked
14:03:04.880 [main] INFO  testcase.BaseClass - ***** Test Case Ended *****
14:10:31.057 [main] INFO  testcase.BaseClass - ***** TestCase Started *****
14:10:32.487 [main] INFO  testcase.BaseClass - Entered Username
14:10:32.614 [main] INFO  testcase.BaseClass - Entered Password
14:10:33.514 [main] INFO  testcase.BaseClass - Login Button Clicked
14:10:33.594 [main] INFO  testcase.BaseClass - ***** Test Case Ended *****
14:10:33.647 [main] INFO  testcase.BaseClass - ***** TestCase Started *****
14:10:43.755 [main] INFO  testcase.BaseClass - ***** Test Case Ended *****
14:10:43.760 [main] INFO  testcase.BaseClass - ***** TestCase Started *****
14:10:46.889 [main] INFO  testcase.BaseClass - ***** Test Case Ended *****
